CRITICAL - 2024-03-21 02:02:34 --> ErrorException: Undefined variable $nilai1
in APPPATH\Views\view-latihan.php on line 12.
 1 APPPATH\Views\view-latihan.php(12): CodeIgniter\Debug\Exceptions->errorHandler(2, 'Undefined variable $nilai1', 'C:\\xampp\\htdocs\\pustaka-booking\\app\\Views\\view-latihan.php', 12)
 2 SYSTEMPATH\View\View.php(228): include('C:\\xampp\\htdocs\\pustaka-booking\\app\\Views\\view-latihan.php')
 3 SYSTEMPATH\View\View.php(231): CodeIgniter\View\View->CodeIgniter\View\{closure}()
 4 SYSTEMPATH\Common.php(1178): CodeIgniter\View\View->render('view-latihan', [], true)
 5 APPPATH\Controllers\latihan1.php(26): view('view-latihan')
 6 SYSTEMPATH\CodeIgniter.php(941): App\Controllers\Latihan1->penjumlahan('3', '7')
 7 SYSTEMPATH\CodeIgniter.php(502): CodeIgniter\CodeIgniter->runController(Object(App\Controllers\Latihan1))
 8 SYSTEMPATH\CodeIgniter.php(361): CodeIgniter\CodeIgniter->handleRequest(null, Object(Config\Cache), false)
 9 FCPATH\index.php(79): CodeIgniter\CodeIgniter->run()
CRITICAL - 2024-03-21 02:02:40 --> ErrorException: Undefined variable $nilai1
in APPPATH\Views\view-latihan.php on line 12.
 1 APPPATH\Views\view-latihan.php(12): CodeIgniter\Debug\Exceptions->errorHandler(2, 'Undefined variable $nilai1', 'C:\\xampp\\htdocs\\pustaka-booking\\app\\Views\\view-latihan.php', 12)
 2 SYSTEMPATH\View\View.php(228): include('C:\\xampp\\htdocs\\pustaka-booking\\app\\Views\\view-latihan.php')
 3 SYSTEMPATH\View\View.php(231): CodeIgniter\View\View->CodeIgniter\View\{closure}()
 4 SYSTEMPATH\Common.php(1178): CodeIgniter\View\View->render('view-latihan', [], true)
 5 APPPATH\Controllers\latihan1.php(26): view('view-latihan')
 6 SYSTEMPATH\CodeIgniter.php(941): App\Controllers\Latihan1->penjumlahan('3', '7')
 7 SYSTEMPATH\CodeIgniter.php(502): CodeIgniter\CodeIgniter->runController(Object(App\Controllers\Latihan1))
 8 SYSTEMPATH\CodeIgniter.php(361): CodeIgniter\CodeIgniter->handleRequest(null, Object(Config\Cache), false)
 9 FCPATH\index.php(79): CodeIgniter\CodeIgniter->run()
CRITICAL - 2024-03-21 02:02:40 --> ErrorException: Undefined variable $nilai1
in APPPATH\Views\view-latihan.php on line 12.
 1 APPPATH\Views\view-latihan.php(12): CodeIgniter\Debug\Exceptions->errorHandler(2, 'Undefined variable $nilai1', 'C:\\xampp\\htdocs\\pustaka-booking\\app\\Views\\view-latihan.php', 12)
 2 SYSTEMPATH\View\View.php(228): include('C:\\xampp\\htdocs\\pustaka-booking\\app\\Views\\view-latihan.php')
 3 SYSTEMPATH\View\View.php(231): CodeIgniter\View\View->CodeIgniter\View\{closure}()
 4 SYSTEMPATH\Common.php(1178): CodeIgniter\View\View->render('view-latihan', [], true)
 5 APPPATH\Controllers\latihan1.php(26): view('view-latihan')
 6 SYSTEMPATH\CodeIgniter.php(941): App\Controllers\Latihan1->penjumlahan('3', '7')
 7 SYSTEMPATH\CodeIgniter.php(502): CodeIgniter\CodeIgniter->runController(Object(App\Controllers\Latihan1))
 8 SYSTEMPATH\CodeIgniter.php(361): CodeIgniter\CodeIgniter->handleRequest(null, Object(Config\Cache), false)
 9 FCPATH\index.php(79): CodeIgniter\CodeIgniter->run()
CRITICAL - 2024-03-21 02:02:40 --> ErrorException: Undefined variable $nilai1
in APPPATH\Views\view-latihan.php on line 12.
 1 APPPATH\Views\view-latihan.php(12): CodeIgniter\Debug\Exceptions->errorHandler(2, 'Undefined variable $nilai1', 'C:\\xampp\\htdocs\\pustaka-booking\\app\\Views\\view-latihan.php', 12)
 2 SYSTEMPATH\View\View.php(228): include('C:\\xampp\\htdocs\\pustaka-booking\\app\\Views\\view-latihan.php')
 3 SYSTEMPATH\View\View.php(231): CodeIgniter\View\View->CodeIgniter\View\{closure}()
 4 SYSTEMPATH\Common.php(1178): CodeIgniter\View\View->render('view-latihan', [], true)
 5 APPPATH\Controllers\latihan1.php(26): view('view-latihan')
 6 SYSTEMPATH\CodeIgniter.php(941): App\Controllers\Latihan1->penjumlahan('3', '7')
 7 SYSTEMPATH\CodeIgniter.php(502): CodeIgniter\CodeIgniter->runController(Object(App\Controllers\Latihan1))
 8 SYSTEMPATH\CodeIgniter.php(361): CodeIgniter\CodeIgniter->handleRequest(null, Object(Config\Cache), false)
 9 FCPATH\index.php(79): CodeIgniter\CodeIgniter->run()
CRITICAL - 2024-03-21 02:04:40 --> ErrorException: Undefined variable $nilai1
in APPPATH\Views\view-latihan.php on line 12.
 1 APPPATH\Views\view-latihan.php(12): CodeIgniter\Debug\Exceptions->errorHandler(2, 'Undefined variable $nilai1', 'C:\\xampp\\htdocs\\pustaka-booking\\app\\Views\\view-latihan.php', 12)
 2 SYSTEMPATH\View\View.php(228): include('C:\\xampp\\htdocs\\pustaka-booking\\app\\Views\\view-latihan.php')
 3 SYSTEMPATH\View\View.php(231): CodeIgniter\View\View->CodeIgniter\View\{closure}()
 4 SYSTEMPATH\Common.php(1178): CodeIgniter\View\View->render('view-latihan.php', [], true)
 5 APPPATH\Controllers\latihan1.php(26): view('view-latihan.php')
 6 SYSTEMPATH\CodeIgniter.php(941): App\Controllers\Latihan1->penjumlahan('3', '7')
 7 SYSTEMPATH\CodeIgniter.php(502): CodeIgniter\CodeIgniter->runController(Object(App\Controllers\Latihan1))
 8 SYSTEMPATH\CodeIgniter.php(361): CodeIgniter\CodeIgniter->handleRequest(null, Object(Config\Cache), false)
 9 FCPATH\index.php(79): CodeIgniter\CodeIgniter->run()
CRITICAL - 2024-03-21 02:04:44 --> ErrorException: Undefined variable $nilai1
in APPPATH\Views\view-latihan.php on line 12.
 1 APPPATH\Views\view-latihan.php(12): CodeIgniter\Debug\Exceptions->errorHandler(2, 'Undefined variable $nilai1', 'C:\\xampp\\htdocs\\pustaka-booking\\app\\Views\\view-latihan.php', 12)
 2 SYSTEMPATH\View\View.php(228): include('C:\\xampp\\htdocs\\pustaka-booking\\app\\Views\\view-latihan.php')
 3 SYSTEMPATH\View\View.php(231): CodeIgniter\View\View->CodeIgniter\View\{closure}()
 4 SYSTEMPATH\Common.php(1178): CodeIgniter\View\View->render('view-latihan.php', [], true)
 5 APPPATH\Controllers\latihan1.php(26): view('view-latihan.php')
 6 SYSTEMPATH\CodeIgniter.php(941): App\Controllers\Latihan1->penjumlahan('3', '7')
 7 SYSTEMPATH\CodeIgniter.php(502): CodeIgniter\CodeIgniter->runController(Object(App\Controllers\Latihan1))
 8 SYSTEMPATH\CodeIgniter.php(361): CodeIgniter\CodeIgniter->handleRequest(null, Object(Config\Cache), false)
 9 FCPATH\index.php(79): CodeIgniter\CodeIgniter->run()
CRITICAL - 2024-03-21 02:04:44 --> ErrorException: Undefined variable $nilai1
in APPPATH\Views\view-latihan.php on line 12.
 1 APPPATH\Views\view-latihan.php(12): CodeIgniter\Debug\Exceptions->errorHandler(2, 'Undefined variable $nilai1', 'C:\\xampp\\htdocs\\pustaka-booking\\app\\Views\\view-latihan.php', 12)
 2 SYSTEMPATH\View\View.php(228): include('C:\\xampp\\htdocs\\pustaka-booking\\app\\Views\\view-latihan.php')
 3 SYSTEMPATH\View\View.php(231): CodeIgniter\View\View->CodeIgniter\View\{closure}()
 4 SYSTEMPATH\Common.php(1178): CodeIgniter\View\View->render('view-latihan.php', [], true)
 5 APPPATH\Controllers\latihan1.php(26): view('view-latihan.php')
 6 SYSTEMPATH\CodeIgniter.php(941): App\Controllers\Latihan1->penjumlahan('3', '7')
 7 SYSTEMPATH\CodeIgniter.php(502): CodeIgniter\CodeIgniter->runController(Object(App\Controllers\Latihan1))
 8 SYSTEMPATH\CodeIgniter.php(361): CodeIgniter\CodeIgniter->handleRequest(null, Object(Config\Cache), false)
 9 FCPATH\index.php(79): CodeIgniter\CodeIgniter->run()
CRITICAL - 2024-03-21 02:04:44 --> ErrorException: Undefined variable $nilai1
in APPPATH\Views\view-latihan.php on line 12.
 1 APPPATH\Views\view-latihan.php(12): CodeIgniter\Debug\Exceptions->errorHandler(2, 'Undefined variable $nilai1', 'C:\\xampp\\htdocs\\pustaka-booking\\app\\Views\\view-latihan.php', 12)
 2 SYSTEMPATH\View\View.php(228): include('C:\\xampp\\htdocs\\pustaka-booking\\app\\Views\\view-latihan.php')
 3 SYSTEMPATH\View\View.php(231): CodeIgniter\View\View->CodeIgniter\View\{closure}()
 4 SYSTEMPATH\Common.php(1178): CodeIgniter\View\View->render('view-latihan.php', [], true)
 5 APPPATH\Controllers\latihan1.php(26): view('view-latihan.php')
 6 SYSTEMPATH\CodeIgniter.php(941): App\Controllers\Latihan1->penjumlahan('3', '7')
 7 SYSTEMPATH\CodeIgniter.php(502): CodeIgniter\CodeIgniter->runController(Object(App\Controllers\Latihan1))
 8 SYSTEMPATH\CodeIgniter.php(361): CodeIgniter\CodeIgniter->handleRequest(null, Object(Config\Cache), false)
 9 FCPATH\index.php(79): CodeIgniter\CodeIgniter->run()
CRITICAL - 2024-03-21 02:07:33 --> ErrorException: Undefined variable $nilai1
in APPPATH\Views\view-latihan.php on line 12.
 1 APPPATH\Views\view-latihan.php(12): CodeIgniter\Debug\Exceptions->errorHandler(2, 'Undefined variable $nilai1', 'C:\\xampp\\htdocs\\pustaka-booking\\app\\Views\\view-latihan.php', 12)
 2 SYSTEMPATH\View\View.php(228): include('C:\\xampp\\htdocs\\pustaka-booking\\app\\Views\\view-latihan.php')
 3 SYSTEMPATH\View\View.php(231): CodeIgniter\View\View->CodeIgniter\View\{closure}()
 4 SYSTEMPATH\Common.php(1178): CodeIgniter\View\View->render('view-latihan.php', [], true)
 5 APPPATH\Controllers\latihan1.php(26): view('view-latihan.php')
 6 SYSTEMPATH\CodeIgniter.php(941): App\Controllers\Latihan1->penjumlahan('2', '6')
 7 SYSTEMPATH\CodeIgniter.php(502): CodeIgniter\CodeIgniter->runController(Object(App\Controllers\Latihan1))
 8 SYSTEMPATH\CodeIgniter.php(361): CodeIgniter\CodeIgniter->handleRequest(null, Object(Config\Cache), false)
 9 FCPATH\index.php(79): CodeIgniter\CodeIgniter->run()
CRITICAL - 2024-03-21 02:08:20 --> ErrorException: Undefined variable $nilai1
in APPPATH\Views\view-latihan.php on line 12.
 1 APPPATH\Views\view-latihan.php(12): CodeIgniter\Debug\Exceptions->errorHandler(2, 'Undefined variable $nilai1', 'C:\\xampp\\htdocs\\pustaka-booking\\app\\Views\\view-latihan.php', 12)
 2 SYSTEMPATH\View\View.php(228): include('C:\\xampp\\htdocs\\pustaka-booking\\app\\Views\\view-latihan.php')
 3 SYSTEMPATH\View\View.php(231): CodeIgniter\View\View->CodeIgniter\View\{closure}()
 4 SYSTEMPATH\Common.php(1178): CodeIgniter\View\View->render('view-latihan.php', [], true)
 5 APPPATH\Controllers\latihan1.php(26): view('view-latihan.php')
 6 SYSTEMPATH\CodeIgniter.php(941): App\Controllers\Latihan1->penjumlahan('2', '6')
 7 SYSTEMPATH\CodeIgniter.php(502): CodeIgniter\CodeIgniter->runController(Object(App\Controllers\Latihan1))
 8 SYSTEMPATH\CodeIgniter.php(361): CodeIgniter\CodeIgniter->handleRequest(null, Object(Config\Cache), false)
 9 FCPATH\index.php(79): CodeIgniter\CodeIgniter->run()
CRITICAL - 2024-03-21 02:11:40 --> ErrorException: Undefined variable $n1
in APPPATH\Views\view-latihan.php on line 12.
 1 APPPATH\Views\view-latihan.php(12): CodeIgniter\Debug\Exceptions->errorHandler(2, 'Undefined variable $n1', 'C:\\xampp\\htdocs\\pustaka-booking\\app\\Views\\view-latihan.php', 12)
 2 SYSTEMPATH\View\View.php(228): include('C:\\xampp\\htdocs\\pustaka-booking\\app\\Views\\view-latihan.php')
 3 SYSTEMPATH\View\View.php(231): CodeIgniter\View\View->CodeIgniter\View\{closure}()
 4 SYSTEMPATH\Common.php(1178): CodeIgniter\View\View->render('view-latihan.php', [], true)
 5 APPPATH\Controllers\latihan1.php(26): view('view-latihan.php')
 6 SYSTEMPATH\CodeIgniter.php(941): App\Controllers\Latihan1->penjumlahan('2', '6')
 7 SYSTEMPATH\CodeIgniter.php(502): CodeIgniter\CodeIgniter->runController(Object(App\Controllers\Latihan1))
 8 SYSTEMPATH\CodeIgniter.php(361): CodeIgniter\CodeIgniter->handleRequest(null, Object(Config\Cache), false)
 9 FCPATH\index.php(79): CodeIgniter\CodeIgniter->run()
CRITICAL - 2024-03-21 02:11:40 --> ErrorException: Undefined variable $n1
in APPPATH\Views\view-latihan.php on line 12.
 1 APPPATH\Views\view-latihan.php(12): CodeIgniter\Debug\Exceptions->errorHandler(2, 'Undefined variable $n1', 'C:\\xampp\\htdocs\\pustaka-booking\\app\\Views\\view-latihan.php', 12)
 2 SYSTEMPATH\View\View.php(228): include('C:\\xampp\\htdocs\\pustaka-booking\\app\\Views\\view-latihan.php')
 3 SYSTEMPATH\View\View.php(231): CodeIgniter\View\View->CodeIgniter\View\{closure}()
 4 SYSTEMPATH\Common.php(1178): CodeIgniter\View\View->render('view-latihan.php', [], true)
 5 APPPATH\Controllers\latihan1.php(26): view('view-latihan.php')
 6 SYSTEMPATH\CodeIgniter.php(941): App\Controllers\Latihan1->penjumlahan('2', '6')
 7 SYSTEMPATH\CodeIgniter.php(502): CodeIgniter\CodeIgniter->runController(Object(App\Controllers\Latihan1))
 8 SYSTEMPATH\CodeIgniter.php(361): CodeIgniter\CodeIgniter->handleRequest(null, Object(Config\Cache), false)
 9 FCPATH\index.php(79): CodeIgniter\CodeIgniter->run()
CRITICAL - 2024-03-21 02:11:40 --> ErrorException: Undefined variable $n1
in APPPATH\Views\view-latihan.php on line 12.
 1 APPPATH\Views\view-latihan.php(12): CodeIgniter\Debug\Exceptions->errorHandler(2, 'Undefined variable $n1', 'C:\\xampp\\htdocs\\pustaka-booking\\app\\Views\\view-latihan.php', 12)
 2 SYSTEMPATH\View\View.php(228): include('C:\\xampp\\htdocs\\pustaka-booking\\app\\Views\\view-latihan.php')
 3 SYSTEMPATH\View\View.php(231): CodeIgniter\View\View->CodeIgniter\View\{closure}()
 4 SYSTEMPATH\Common.php(1178): CodeIgniter\View\View->render('view-latihan.php', [], true)
 5 APPPATH\Controllers\latihan1.php(26): view('view-latihan.php')
 6 SYSTEMPATH\CodeIgniter.php(941): App\Controllers\Latihan1->penjumlahan('2', '6')
 7 SYSTEMPATH\CodeIgniter.php(502): CodeIgniter\CodeIgniter->runController(Object(App\Controllers\Latihan1))
 8 SYSTEMPATH\CodeIgniter.php(361): CodeIgniter\CodeIgniter->handleRequest(null, Object(Config\Cache), false)
 9 FCPATH\index.php(79): CodeIgniter\CodeIgniter->run()
CRITICAL - 2024-03-21 02:11:40 --> ErrorException: Undefined variable $n1
in APPPATH\Views\view-latihan.php on line 12.
 1 APPPATH\Views\view-latihan.php(12): CodeIgniter\Debug\Exceptions->errorHandler(2, 'Undefined variable $n1', 'C:\\xampp\\htdocs\\pustaka-booking\\app\\Views\\view-latihan.php', 12)
 2 SYSTEMPATH\View\View.php(228): include('C:\\xampp\\htdocs\\pustaka-booking\\app\\Views\\view-latihan.php')
 3 SYSTEMPATH\View\View.php(231): CodeIgniter\View\View->CodeIgniter\View\{closure}()
 4 SYSTEMPATH\Common.php(1178): CodeIgniter\View\View->render('view-latihan.php', [], true)
 5 APPPATH\Controllers\latihan1.php(26): view('view-latihan.php')
 6 SYSTEMPATH\CodeIgniter.php(941): App\Controllers\Latihan1->penjumlahan('2', '6')
 7 SYSTEMPATH\CodeIgniter.php(502): CodeIgniter\CodeIgniter->runController(Object(App\Controllers\Latihan1))
 8 SYSTEMPATH\CodeIgniter.php(361): CodeIgniter\CodeIgniter->handleRequest(null, Object(Config\Cache), false)
 9 FCPATH\index.php(79): CodeIgniter\CodeIgniter->run()
CRITICAL - 2024-03-21 02:11:48 --> ErrorException: Undefined variable $n1
in APPPATH\Views\view-latihan.php on line 12.
 1 APPPATH\Views\view-latihan.php(12): CodeIgniter\Debug\Exceptions->errorHandler(2, 'Undefined variable $n1', 'C:\\xampp\\htdocs\\pustaka-booking\\app\\Views\\view-latihan.php', 12)
 2 SYSTEMPATH\View\View.php(228): include('C:\\xampp\\htdocs\\pustaka-booking\\app\\Views\\view-latihan.php')
 3 SYSTEMPATH\View\View.php(231): CodeIgniter\View\View->CodeIgniter\View\{closure}()
 4 SYSTEMPATH\Common.php(1178): CodeIgniter\View\View->render('view-latihan.php', [], true)
 5 APPPATH\Controllers\latihan1.php(26): view('view-latihan.php')
 6 SYSTEMPATH\CodeIgniter.php(941): App\Controllers\Latihan1->penjumlahan('2', '6')
 7 SYSTEMPATH\CodeIgniter.php(502): CodeIgniter\CodeIgniter->runController(Object(App\Controllers\Latihan1))
 8 SYSTEMPATH\CodeIgniter.php(361): CodeIgniter\CodeIgniter->handleRequest(null, Object(Config\Cache), false)
 9 FCPATH\index.php(79): CodeIgniter\CodeIgniter->run()
CRITICAL - 2024-03-21 02:15:05 --> ErrorException: Undefined variable $n1
in APPPATH\Views\view-latihan.php on line 12.
 1 APPPATH\Views\view-latihan.php(12): CodeIgniter\Debug\Exceptions->errorHandler(2, 'Undefined variable $n1', 'C:\\xampp\\htdocs\\pustaka-booking\\app\\Views\\view-latihan.php', 12)
 2 SYSTEMPATH\View\View.php(228): include('C:\\xampp\\htdocs\\pustaka-booking\\app\\Views\\view-latihan.php')
 3 SYSTEMPATH\View\View.php(231): CodeIgniter\View\View->CodeIgniter\View\{closure}()
 4 SYSTEMPATH\Common.php(1178): CodeIgniter\View\View->render('view-latihan.php', [], true)
 5 APPPATH\Controllers\latihan1.php(30): view('view-latihan.php')
 6 SYSTEMPATH\CodeIgniter.php(941): App\Controllers\Latihan1->penjumlahan('2', '6')
 7 SYSTEMPATH\CodeIgniter.php(502): CodeIgniter\CodeIgniter->runController(Object(App\Controllers\Latihan1))
 8 SYSTEMPATH\CodeIgniter.php(361): CodeIgniter\CodeIgniter->handleRequest(null, Object(Config\Cache), false)
 9 FCPATH\index.php(79): CodeIgniter\CodeIgniter->run()
CRITICAL - 2024-03-21 02:15:05 --> ErrorException: Undefined variable $n1
in APPPATH\Views\view-latihan.php on line 12.
 1 APPPATH\Views\view-latihan.php(12): CodeIgniter\Debug\Exceptions->errorHandler(2, 'Undefined variable $n1', 'C:\\xampp\\htdocs\\pustaka-booking\\app\\Views\\view-latihan.php', 12)
 2 SYSTEMPATH\View\View.php(228): include('C:\\xampp\\htdocs\\pustaka-booking\\app\\Views\\view-latihan.php')
 3 SYSTEMPATH\View\View.php(231): CodeIgniter\View\View->CodeIgniter\View\{closure}()
 4 SYSTEMPATH\Common.php(1178): CodeIgniter\View\View->render('view-latihan.php', [], true)
 5 APPPATH\Controllers\latihan1.php(30): view('view-latihan.php')
 6 SYSTEMPATH\CodeIgniter.php(941): App\Controllers\Latihan1->penjumlahan('2', '6')
 7 SYSTEMPATH\CodeIgniter.php(502): CodeIgniter\CodeIgniter->runController(Object(App\Controllers\Latihan1))
 8 SYSTEMPATH\CodeIgniter.php(361): CodeIgniter\CodeIgniter->handleRequest(null, Object(Config\Cache), false)
 9 FCPATH\index.php(79): CodeIgniter\CodeIgniter->run()
CRITICAL - 2024-03-21 02:15:06 --> ErrorException: Undefined variable $n1
in APPPATH\Views\view-latihan.php on line 12.
 1 APPPATH\Views\view-latihan.php(12): CodeIgniter\Debug\Exceptions->errorHandler(2, 'Undefined variable $n1', 'C:\\xampp\\htdocs\\pustaka-booking\\app\\Views\\view-latihan.php', 12)
 2 SYSTEMPATH\View\View.php(228): include('C:\\xampp\\htdocs\\pustaka-booking\\app\\Views\\view-latihan.php')
 3 SYSTEMPATH\View\View.php(231): CodeIgniter\View\View->CodeIgniter\View\{closure}()
 4 SYSTEMPATH\Common.php(1178): CodeIgniter\View\View->render('view-latihan.php', [], true)
 5 APPPATH\Controllers\latihan1.php(30): view('view-latihan.php')
 6 SYSTEMPATH\CodeIgniter.php(941): App\Controllers\Latihan1->penjumlahan('2', '6')
 7 SYSTEMPATH\CodeIgniter.php(502): CodeIgniter\CodeIgniter->runController(Object(App\Controllers\Latihan1))
 8 SYSTEMPATH\CodeIgniter.php(361): CodeIgniter\CodeIgniter->handleRequest(null, Object(Config\Cache), false)
 9 FCPATH\index.php(79): CodeIgniter\CodeIgniter->run()
